Determining if the pthread_create exist failed with the following output:
Change Dir: /home/eren/Documents/eren/Courses/masterCourses/ceng789/assignment_2/first_draft/build/CMakeFiles/CMakeTmp

Run Build Command:"/usr/bin/make" "cmTC_a432f/fast"
/usr/bin/make -f CMakeFiles/cmTC_a432f.dir/build.make CMakeFiles/cmTC_a432f.dir/build
make[1]: Entering directory '/home/eren/Documents/eren/Courses/masterCourses/ceng789/assignment_2/first_draft/build/CMakeFiles/CMakeTmp'
Building C object CMakeFiles/cmTC_a432f.dir/CheckSymbolExists.c.o
/usr/bin/cc   -fPIC    -o CMakeFiles/cmTC_a432f.dir/CheckSymbolExists.c.o   -c /home/eren/Documents/eren/Courses/masterCourses/ceng789/assignment_2/first_draft/build/CMakeFiles/CMakeTmp/CheckSymbolExists.c
Linking C executable cmTC_a432f
/usr/bin/cmake -E cmake_link_script CMakeFiles/cmTC_a432f.dir/link.txt --verbose=1
/usr/bin/cc  -fPIC     -rdynamic CMakeFiles/cmTC_a432f.dir/CheckSymbolExists.c.o  -o cmTC_a432f 
CMakeFiles/cmTC_a432f.dir/CheckSymbolExists.c.o: In function `main':
CheckSymbolExists.c:(.text+0x1b): undefined reference to `pthread_create'
collect2: error: ld returned 1 exit status
CMakeFiles/cmTC_a432f.dir/build.make:97: recipe for target 'cmTC_a432f' failed
make[1]: *** [cmTC_a432f] Error 1
make[1]: Leaving directory '/home/eren/Documents/eren/Courses/masterCourses/ceng789/assignment_2/first_draft/build/CMakeFiles/CMakeTmp'
Makefile:126: recipe for target 'cmTC_a432f/fast' failed
make: *** [cmTC_a432f/fast] Error 2

File /home/eren/Documents/eren/Courses/masterCourses/ceng789/assignment_2/first_draft/build/CMakeFiles/CMakeTmp/CheckSymbolExists.c:
/* */
#include <pthread.h>

int main(int argc, char** argv)
{
  (void)argv;
#ifndef pthread_create
  return ((int*)(&pthread_create))[argc];
#else
  (void)argc;
  return 0;
#endif
}

Determining if the function pthread_create exists in the pthreads failed with the following output:
Change Dir: /home/eren/Documents/eren/Courses/masterCourses/ceng789/assignment_2/first_draft/build/CMakeFiles/CMakeTmp

Run Build Command:"/usr/bin/make" "cmTC_9f369/fast"
/usr/bin/make -f CMakeFiles/cmTC_9f369.dir/build.make CMakeFiles/cmTC_9f369.dir/build
make[1]: Entering directory '/home/eren/Documents/eren/Courses/masterCourses/ceng789/assignment_2/first_draft/build/CMakeFiles/CMakeTmp'
Building C object CMakeFiles/cmTC_9f369.dir/CheckFunctionExists.c.o
/usr/bin/cc   -fPIC -DCHECK_FUNCTION_EXISTS=pthread_create   -o CMakeFiles/cmTC_9f369.dir/CheckFunctionExists.c.o   -c /usr/share/cmake-3.10/Modules/CheckFunctionExists.c
Linking C executable cmTC_9f369
/usr/bin/cmake -E cmake_link_script CMakeFiles/cmTC_9f369.dir/link.txt --verbose=1
/usr/bin/cc  -fPIC -DCHECK_FUNCTION_EXISTS=pthread_create    -rdynamic CMakeFiles/cmTC_9f369.dir/CheckFunctionExists.c.o  -o cmTC_9f369 -lpthreads 
/usr/bin/ld: cannot find -lpthreads
collect2: error: ld returned 1 exit status
CMakeFiles/cmTC_9f369.dir/build.make:97: recipe for target 'cmTC_9f369' failed
make[1]: *** [cmTC_9f369] Error 1
make[1]: Leaving directory '/home/eren/Documents/eren/Courses/masterCourses/ceng789/assignment_2/first_draft/build/CMakeFiles/CMakeTmp'
Makefile:126: recipe for target 'cmTC_9f369/fast' failed
make: *** [cmTC_9f369/fast] Error 2


